<?xml version="1.0" encoding="UTF-8"?>
<testng-results ignored="0" total="4" passed="4" failed="0" skipped="0">
  <reporter-output>
  </reporter-output>
  <suite started-at="2026-06-22T18:15:11 IST" name="EatClub Mobile Suite" finished-at="2026-06-22T18:15:11 IST" duration-ms="336">
    <groups>
      <group name="cucumber">
        <method signature="AbstractTestNGCucumberTests.runScenario(io.cucumber.testng.PickleWrapper,io.cucumber.testng.FeatureWrapper)[pri:0, instance:com.eatclub.runners.TestNGRunner@2dbe250d]" name="runScenario" class="io.cucumber.testng.AbstractTestNGCucumberTests"/>
      </group> <!-- cucumber -->
    </groups>
    <test started-at="2026-06-22T18:15:11 IST" name="Wikipedia Cucumber Tests" finished-at="2026-06-22T18:15:11 IST" duration-ms="336">
      <class name="com.eatclub.runners.TestNGRunner">
        <test-method is-config="true" signature="setUpClass(org.testng.ITestContext)[pri:0, instance:com.eatclub.runners.TestNGRunner@2dbe250d]" started-at="2026-06-22T18:15:11 IST" name="setUpClass" finished-at="2026-06-22T18:15:11 IST" duration-ms="208" status="PASS">
          <params>
            <param index="0">
              <value>
                <![CDATA[org.testng.TestRunner@7689ddef]]>
              </value>
            </param>
          </params>
          <reporter-output>
          </reporter-output>
        </test-method> <!-- setUpClass -->
        <test-method signature="runScenario(io.cucumber.testng.PickleWrapper,io.cucumber.testng.FeatureWrapper)[pri:0, instance:com.eatclub.runners.TestNGRunner@2dbe250d]" started-at="2026-06-22T18:15:11 IST" name="runScenario" description="Runs Cucumber Scenarios" data-provider="scenarios" finished-at="2026-06-22T18:15:11 IST" duration-ms="36" status="PASS">
          <params>
            <param index="0">
              <value>
                <![CDATA["Search returns results for multiple terms"]]>
              </value>
            </param>
            <param index="1">
              <value>
                <![CDATA["Wikipedia search"]]>
              </value>
            </param>
          </params>
          <reporter-output>
          </reporter-output>
        </test-method> <!-- runScenario -->
        <test-method signature="runScenario(io.cucumber.testng.PickleWrapper,io.cucumber.testng.FeatureWrapper)[pri:0, instance:com.eatclub.runners.TestNGRunner@2dbe250d]" started-at="2026-06-22T18:15:11 IST" name="runScenario" description="Runs Cucumber Scenarios" data-provider="scenarios" finished-at="2026-06-22T18:15:11 IST" duration-ms="36" status="PASS">
          <params>
            <param index="0">
              <value>
                <![CDATA["Search returns results for a valid term"]]>
              </value>
            </param>
            <param index="1">
              <value>
                <![CDATA["Wikipedia search"]]>
              </value>
            </param>
          </params>
          <reporter-output>
          </reporter-output>
        </test-method> <!-- runScenario -->
        <test-method signature="runScenario(io.cucumber.testng.PickleWrapper,io.cucumber.testng.FeatureWrapper)[pri:0, instance:com.eatclub.runners.TestNGRunner@2dbe250d]" started-at="2026-06-22T18:15:11 IST" name="runScenario" description="Runs Cucumber Scenarios" data-provider="scenarios" finished-at="2026-06-22T18:15:11 IST" duration-ms="5" status="PASS">
          <params>
            <param index="0">
              <value>
                <![CDATA["Search returns results for multiple terms"]]>
              </value>
            </param>
            <param index="1">
              <value>
                <![CDATA["Wikipedia search"]]>
              </value>
            </param>
          </params>
          <reporter-output>
          </reporter-output>
        </test-method> <!-- runScenario -->
        <test-method signature="runScenario(io.cucumber.testng.PickleWrapper,io.cucumber.testng.FeatureWrapper)[pri:0, instance:com.eatclub.runners.TestNGRunner@2dbe250d]" started-at="2026-06-22T18:15:11 IST" name="runScenario" description="Runs Cucumber Scenarios" data-provider="scenarios" finished-at="2026-06-22T18:15:11 IST" duration-ms="6" status="PASS">
          <params>
            <param index="0">
              <value>
                <![CDATA["Search returns results for multiple terms"]]>
              </value>
            </param>
            <param index="1">
              <value>
                <![CDATA["Wikipedia search"]]>
              </value>
            </param>
          </params>
          <reporter-output>
          </reporter-output>
        </test-method> <!-- runScenario -->
        <test-method is-config="true" signature="tearDownClass()[pri:0, instance:com.eatclub.runners.TestNGRunner@2dbe250d]" started-at="2026-06-22T18:15:11 IST" name="tearDownClass" finished-at="2026-06-22T18:15:11 IST" duration-ms="38" status="PASS">
          <reporter-output>
          </reporter-output>
        </test-method> <!-- tearDownClass -->
      </class> <!-- com.eatclub.runners.TestNGRunner -->
    </test> <!-- Wikipedia Cucumber Tests -->
  </suite> <!-- EatClub Mobile Suite -->
</testng-results>
