<?xml version="1.0" encoding="UTF-8"?>
<!-- Generated by org.testng.reporters.JUnitReportReporter -->
<testsuite hostname="sanketmali-WYJ22GQY0W" failures="0" tests="4" name="com.eatclub.runners.TestNGRunner" time="0.083" errors="0" timestamp="2026-06-22T18:15:11 IST" skipped="0">
  <testcase classname="com.eatclub.runners.TestNGRunner" name="runScenario" time="0.005"/>
  <testcase classname="com.eatclub.runners.TestNGRunner" name="runScenario" time="0.036"/>
  <testcase classname="com.eatclub.runners.TestNGRunner" name="runScenario" time="0.036"/>
  <testcase classname="com.eatclub.runners.TestNGRunner" name="runScenario" time="0.006"/>
</testsuite> <!-- com.eatclub.runners.TestNGRunner -->
